  Actor2D.cpp
  Actor3D.cpp
  ActorBase.cpp
  ActorManager.cpp
  Bullet.cpp
c:\g018a1238\チーム制作\授業後期本番\boomerang_c++\boomerang_c++\oikakecpppractice\src\utility\color\color.h(11): fatal error C1083: include ファイルを開けません。'DxLib.h':No such file or directory
  Enemy.cpp
c:\g018a1238\チーム制作\授業後期本番\boomerang_c++\boomerang_c++\oikakecpppractice\src\utility\color\color.h(11): fatal error C1083: include ファイルを開けません。'DxLib.h':No such file or directory
  Player.cpp
c:\g018a1238\チーム制作\授業後期本番\boomerang_c++\boomerang_c++\oikakecpppractice\src\utility\color\color.h(11): fatal error C1083: include ファイルを開けません。'DxLib.h':No such file or directory
  Score.cpp
c:\g018a1238\チーム制作\授業後期本番\boomerang_c++\boomerang_c++\oikakecpppractice\src\utility\color\color.h(11): fatal error C1083: include ファイルを開けません。'DxLib.h':No such file or directory
  TimerUI.cpp
c:\g018a1238\チーム制作\授業後期本番\boomerang_c++\boomerang_c++\oikakecpppractice\src\utility\color\color.h(11): fatal error C1083: include ファイルを開けません。'DxLib.h':No such file or directory
  FPS.cpp
c:\g018a1238\チーム制作\授業後期本番\boomerang_c++\boomerang_c++\oikakecpppractice\src\utility\color\color.h(11): fatal error C1083: include ファイルを開けません。'DxLib.h':No such file or directory
  GameApplication.cpp
c:\g018a1238\チーム制作\授業後期本番\boomerang_c++\boomerang_c++\oikakecpppractice\src\utility\color\color.h(11): fatal error C1083: include ファイルを開けません。'DxLib.h':No such file or directory
  GameFrame.cpp
c:\g018a1238\チーム制作\授業後期本番\boomerang_c++\boomerang_c++\oikakecpppractice\src\utility\color\color.h(11): fatal error C1083: include ファイルを開けません。'DxLib.h':No such file or directory
  LoadData.cpp
c:\g018a1238\チーム制作\授業後期本番\boomerang_c++\boomerang_c++\oikakecpppractice\src\math\convert\convert.h(6): fatal error C1083: include ファイルを開けません。'DxLib.h':No such file or directory
  Window.cpp
  Collision.cpp
c:\g018a1238\チーム制作\授業後期本番\boomerang_c++\boomerang_c++\oikakecpppractice\src\collision\collision.cpp(6): fatal error C1083: include ファイルを開けません。'DxLib.h':No such file or directory
  Box.cpp
  Circle.cpp
c:\g018a1238\チーム制作\授業後期本番\boomerang_c++\boomerang_c++\oikakecpppractice\src\collision\collision2d\circle\circle.cpp(4): fatal error C1083: include ファイルを開けません。'DxLib.h':No such file or directory
  ShapeBase2D.cpp
  ShapeBase.cpp
  Input.cpp
c:\g018a1238\チーム制作\授業後期本番\boomerang_c++\boomerang_c++\oikakecpppractice\src\input\input.h(3): fatal error C1083: include ファイルを開けません。'DxLib.h':No such file or directory
  コードを生成中...
  コンパイル中...
  KeyBoard.cpp
c:\g018a1238\チーム制作\授業後期本番\boomerang_c++\boomerang_c++\oikakecpppractice\src\input\keyboard\keyboard.h(3): fatal error C1083: include ファイルを開けません。'DxLib.h':No such file or directory
  main.cpp
c:\g018a1238\チーム制作\授業後期本番\boomerang_c++\boomerang_c++\oikakecpppractice\src\main.cpp(1): fatal error C1083: include ファイルを開けません。'DxLib.h':No such file or directory
  Bezier.cpp
c:\g018a1238\チーム制作\授業後期本番\boomerang_c++\boomerang_c++\oikakecpppractice\src\math\convert\convert.h(6): fatal error C1083: include ファイルを開けません。'DxLib.h':No such file or directory
  Convert.cpp
c:\g018a1238\チーム制作\授業後期本番\boomerang_c++\boomerang_c++\oikakecpppractice\src\math\convert\convert.h(6): fatal error C1083: include ファイルを開けません。'DxLib.h':No such file or directory
  Math.cpp
  Matrix4.cpp
  Quaternion.cpp
  Vector2.cpp
  Vector3.cpp
  Renderer.cpp
c:\g018a1238\チーム制作\授業後期本番\boomerang_c++\boomerang_c++\oikakecpppractice\src\utility\color\color.h(11): fatal error C1083: include ファイルを開けません。'DxLib.h':No such file or directory
  SceneManager.cpp
c:\g018a1238\チーム制作\授業後期本番\boomerang_c++\boomerang_c++\oikakecpppractice\src\utility\color\color.h(11): fatal error C1083: include ファイルを開けません。'DxLib.h':No such file or directory
  SceneNull.cpp
  FadeManager.cpp
c:\g018a1238\チーム制作\授業後期本番\boomerang_c++\boomerang_c++\oikakecpppractice\src\utility\color\color.h(11): fatal error C1083: include ファイルを開けません。'DxLib.h':No such file or directory
  GameMain.cpp
c:\g018a1238\チーム制作\授業後期本番\boomerang_c++\boomerang_c++\oikakecpppractice\src\utility\color\color.h(11): fatal error C1083: include ファイルを開けません。'DxLib.h':No such file or directory
  Result.cpp
c:\g018a1238\チーム制作\授業後期本番\boomerang_c++\boomerang_c++\oikakecpppractice\src\utility\color\color.h(11): fatal error C1083: include ファイルを開けません。'DxLib.h':No such file or directory
  Title.cpp
c:\g018a1238\チーム制作\授業後期本番\boomerang_c++\boomerang_c++\oikakecpppractice\src\utility\color\color.h(11): fatal error C1083: include ファイルを開けません。'DxLib.h':No such file or directory
  Tutorial.cpp
c:\g018a1238\チーム制作\授業後期本番\boomerang_c++\boomerang_c++\oikakecpppractice\src\utility\color\color.h(11): fatal error C1083: include ファイルを開けません。'DxLib.h':No such file or directory
  Color.cpp
c:\g018a1238\チーム制作\授業後期本番\boomerang_c++\boomerang_c++\oikakecpppractice\src\utility\color\color.h(11): fatal error C1083: include ファイルを開けません。'DxLib.h':No such file or directory
  CSVLoader.cpp
c:\g018a1238\チーム制作\授業後期本番\boomerang_c++\boomerang_c++\oikakecpppractice\src\utility\csvloader\csvloader.cpp(26): warning C4267: 'return': 'size_t' から 'int' に変換しました。データが失われているかもしれません。
c:\g018a1238\チーム制作\授業後期本番\boomerang_c++\boomerang_c++\oikakecpppractice\src\utility\csvloader\csvloader.cpp(31): warning C4267: 'return': 'size_t' から 'int' に変換しました。データが失われているかもしれません。
  Random.cpp
  コードを生成中...
  コンパイル中...
  Timer.cpp
c:\g018a1238\チーム制作\授業後期本番\boomerang_c++\boomerang_c++\oikakecpppractice\src\utility\color\color.h(11): fatal error C1083: include ファイルを開けません。'DxLib.h':No such file or directory
  Utility.cpp
c:\g018a1238\チーム制作\授業後期本番\boomerang_c++\boomerang_c++\oikakecpppractice\src\math\convert\convert.h(6): fatal error C1083: include ファイルを開けません。'DxLib.h':No such file or directory
  World.cpp
  コードを生成中...
